Arguments: 
  /usr/bin/node /usr/share/yarn/bin/yarn.js start

PATH: 
  /usr/local/sbin:/usr/local/bin:/usr/sbin:/usr/bin:/sbin:/bin:/usr/games:/usr/local/games:/snap/bin

Yarn version: 
  1.5.1

Node version: 
  8.9.4

Platform: 
  linux x64

npm manifest: 
  {
    "name": "shopping-cart",
    "version": "0.0.0",
    "private": true,
    "scripts": {
      "start": "nodemon ./app.js"
    },
    "dependencies": {
      "body-parser": "~1.18.2",
      "cookie-parser": "~1.4.3",
      "debug": "~2.6.9",
      "express": "^4.16.3",
      "express-handlebars": "^3.0.0",
      "hbs": "~4.0.1",
      "mongodb": "^3.0.4",
      "mongoose": "^5.0.10",
      "morgan": "~1.9.0",
      "serve-favicon": "~2.4.5"
    },
    "devDependencies": {
      "eslint": "^4.19.0",
      "eslint-config-airbnb-base": "^12.1.0",
      "eslint-plugin-import": "^2.9.0"
    }
  }

yarn manifest: 
  No manifest

Lockfile: 
  No lockfile

Trace: 
  Error: Command failed.
  Exit signal: SIGHUP
  Command: sh
  Arguments: -c nodemon ./app
  Directory: /home/priyanka/Github/shopping-cart
  Output:
  
      at ProcessTermError.MessageError (/usr/share/yarn/lib/cli.js:186:110)
      at new ProcessTermError (/usr/share/yarn/lib/cli.js:226:113)
      at ChildProcess.<anonymous> (/usr/share/yarn/lib/cli.js:30281:17)
      at emitTwo (events.js:126:13)
      at ChildProcess.emit (events.js:214:7)
      at maybeClose (internal/child_process.js:925:16)
      at Process.ChildProcess._handle.onexit (internal/child_process.js:209:5)
